<?xml version="1.0" encoding="UTF-8"?>
<testng-results ignored="0" total="1" passed="1" failed="0" skipped="0">
  <reporter-output>
  </reporter-output>
  <suite started-at="2025-08-16T20:05:41 IST" name="Default suite" finished-at="2025-08-16T20:05:46 IST" duration-ms="5020">
    <groups>
    </groups>
    <test started-at="2025-08-16T20:05:41 IST" name="Default test" finished-at="2025-08-16T20:05:46 IST" duration-ms="5020">
      <class name="Com.TestingFramwork.co.TestinfDDFramework.BookingAppointment">
        <test-method signature="ArrowFormation()[pri:0, instance:Com.TestingFramwork.co.TestinfDDFramework.BookingAppointment@7e6f74c]" started-at="2025-08-16T20:05:42 IST" name="ArrowFormation" finished-at="2025-08-16T20:05:46 IST" duration-ms="4860" status="PASS">
          <reporter-output>
          </reporter-output>
        </test-method> <!-- ArrowFormation -->
      </class> <!-- Com.TestingFramwork.co.TestinfDDFramework.BookingAppointment -->
    </test> <!-- Default test -->
  </suite> <!-- Default suite -->
</testng-results>
